<?xml version="1.0" encoding="UTF-8"?>
<testsuite xmlns:xsi="http://www.w3.org/2001/XMLSchema-instance" xsi:noNamespaceSchemaLocation="https://maven.apache.org/surefire/maven-surefire-plugin/xsd/surefire-test-report-3.0.xsd" version="3.0" name="com.maquinacafe.MaquinaDeCafeTest" time="0.001" tests="8" errors="0" skipped="0" failures="0">
  <properties>
[...]
</properties>
  <testcase name="deberia_poder_seleccionar_vaso_mediano" classname="com.maquinacafe.MaquinaDeCafeTest" time="0.0"/>
  <testcase name="deberia_mostrar_mensaje_si_no_hay_cafe" classname="com.maquinacafe.MaquinaDeCafeTest" time="0.0"/>
  <testcase name="deberia_preparar_cafe_con_azucar_correctamente" classname="com.maquinacafe.MaquinaDeCafeTest" time="0.0"/>
  <testcase name="deberia_preparar_cafe_sin_azucar_correctamente" classname="com.maquinacafe.MaquinaDeCafeTest" time="0.0"/>
  <testcase name="deberia_poder_seleccionar_vaso_grande" classname="com.maquinacafe.MaquinaDeCafeTest" time="0.0"/>
  <testcase name="deberia_mostrar_mensaje_si_no_hay_vasos" classname="com.maquinacafe.MaquinaDeCafeTest" time="0.0"/>
  <testcase name="deberia_poder_seleccionar_vaso_pequeno" classname="com.maquinacafe.MaquinaDeCafeTest" time="0.0"/>
  <testcase name="deberia_mostrar_mensaje_si_no_hay_azucar" classname="com.maquinacafe.MaquinaDeCafeTest" time="0.0"/>
</testsuite>